<?xml version="1.0" encoding="UTF-8"?>
<testng-results ignored="0" total="1" passed="1" failed="0" skipped="0">
  <reporter-output>
  </reporter-output>
  <suite started-at="2024-04-30T00:01:01 PKT" name="Default suite" finished-at="2024-04-30T00:02:29 PKT" duration-ms="87850">
    <groups>
    </groups>
    <test started-at="2024-04-30T00:01:01 PKT" name="Default test" finished-at="2024-04-30T00:02:29 PKT" duration-ms="87850">
      <class name="Test_Cases.Main_test_flow">
        <test-method is-config="true" signature="initialize()[pri:0, instance:Test_Cases.Main_test_flow@60099951]" started-at="2024-04-30T00:01:01 PKT" name="initialize" finished-at="2024-04-30T00:01:12 PKT" duration-ms="11348" status="PASS">
          <reporter-output>
          </reporter-output>
        </test-method> <!-- initialize -->
        <test-method signature="main_test()[pri:1, instance:Test_Cases.Main_test_flow@60099951]" started-at="2024-04-30T00:01:12 PKT" name="main_test" finished-at="2024-04-30T00:02:29 PKT" duration-ms="76283" status="PASS">
          <reporter-output>
          </reporter-output>
        </test-method> <!-- main_test -->
      </class> <!-- Test_Cases.Main_test_flow -->
    </test> <!-- Default test -->
  </suite> <!-- Default suite -->
</testng-results>
